<?xml version="1.0" encoding="UTF-8"?>
<testsuite xmlns:xsi="http://www.w3.org/2001/XMLSchema-instance" xsi:noNamespaceSchemaLocation="https://maven.apache.org/surefire/maven-surefire-plugin/xsd/surefire-test-report-3.0.xsd" version="3.0" name="com.epigestion.epi.EpiApplicationTests" time="11.428" tests="1" errors="0" skipped="0" failures="0">
  <properties>
[...]
</properties>
  <testcase name="contextLoads" classname="com.epigestion.epi.EpiApplicationTests" time="0.795">
    <system-out><![CDATA[13:29:43.608 [main] INFO org.springframework.test.context.support.AnnotationConfigContextLoaderUtils -- Could not detect default configuration classes for test class [com.epigestion.epi.EpiApplicationTests]: EpiApplicationTests does not declare any static, non-private, non-final, nested classes annotated with @Configuration.
13:29:43.849 [main] INFO org.springframework.boot.test.context.SpringBootTestContextBootstrapper -- Found @SpringBootConfiguration com.epigestion.epi.EpiApplication for test class com.epigestion.epi.EpiApplicationTests

  .   ____          _            __ _ _
 /\\ / ___'_ __ _ _(_)_ __  __ _ \ \ \ \
( ( )\___ | '_ | '_| | '_ \/ _` | \ \ \ \
 \\/  ___)| |_)| | | | | || (_| |  ) ) ) )
  '  |____| .__|_| |_|_| |_\__, | / / / /
 =========|_|==============|___/=/_/_/_/

 :: Spring Boot ::                (v3.3.2)

2024-08-25T13:29:44.714+02:00  INFO 14156 --- [epi] [           main] com.epigestion.epi.EpiApplicationTests   : Starting EpiApplicationTests using Java 20.0.1 with PID 14156 (started by Claud in C:\Users\Claud\OneDrive\Escritorio\epis)
2024-08-25T13:29:44.716+02:00  INFO 14156 --- [epi] [           main] com.epigestion.epi.EpiApplicationTests   : No active profile set, falling back to 1 default profile: "default"
2024-08-25T13:29:46.150+02:00  INFO 14156 --- [epi] [           main] .s.d.r.c.RepositoryConfigurationDelegate : Bootstrapping Spring Data JPA repositories in DEFAULT mode.
2024-08-25T13:29:46.265+02:00  INFO 14156 --- [epi] [           main] .s.d.r.c.RepositoryConfigurationDelegate : Finished Spring Data repository scanning in 100 ms. Found 3 JPA repository interfaces.
2024-08-25T13:29:47.222+02:00  INFO 14156 --- [epi] [           main] o.hibernate.jpa.internal.util.LogHelper  : HHH000204: Processing PersistenceUnitInfo [name: default]
2024-08-25T13:29:47.346+02:00  INFO 14156 --- [epi] [           main] org.hibernate.Version                    : HHH000412: Hibernate ORM core version 6.5.2.Final
2024-08-25T13:29:47.423+02:00  INFO 14156 --- [epi] [           main] o.h.c.internal.RegionFactoryInitiator    : HHH000026: Second-level cache disabled
2024-08-25T13:29:48.329+02:00  INFO 14156 --- [epi] [           main] o.s.o.j.p.SpringPersistenceUnitInfo      : No LoadTimeWeaver setup: ignoring JPA class transformer
2024-08-25T13:29:48.404+02:00  INFO 14156 --- [epi] [           main] com.zaxxer.hikari.HikariDataSource       : HikariPool-1 - Starting...
2024-08-25T13:29:49.133+02:00  INFO 14156 --- [epi] [           main] com.zaxxer.hikari.pool.HikariPool        : HikariPool-1 - Added connection com.mysql.cj.jdbc.ConnectionImpl@49889154
2024-08-25T13:29:49.136+02:00  INFO 14156 --- [epi] [           main] com.zaxxer.hikari.HikariDataSource       : HikariPool-1 - Start completed.
2024-08-25T13:29:51.027+02:00  INFO 14156 --- [epi] [           main] o.h.e.t.j.p.i.JtaPlatformInitiator       : HHH000489: No JTA platform available (set 'hibernate.transaction.jta.platform' to enable JTA platform integration)
2024-08-25T13:29:51.031+02:00  INFO 14156 --- [epi] [           main] j.LocalContainerEntityManagerFactoryBean : Initialized JPA EntityManagerFactory for persistence unit 'default'
2024-08-25T13:29:51.623+02:00  INFO 14156 --- [epi] [           main] o.s.d.j.r.query.QueryEnhancerFactory     : Hibernate is in classpath; If applicable, HQL parser will be used.
2024-08-25T13:29:53.094+02:00  WARN 14156 --- [epi] [           main] JpaBaseConfiguration$JpaWebConfiguration : spring.jpa.open-in-view is enabled by default. Therefore, database queries may be performed during view rendering. Explicitly configure spring.jpa.open-in-view to disable this warning
2024-08-25T13:29:53.815+02:00  INFO 14156 --- [epi] [           main] com.epigestion.epi.EpiApplicationTests   : Started EpiApplicationTests in 9.577 seconds (process running for 12.042)
]]></system-out>
  </testcase>
</testsuite>